#
# There is insufficient memory for the Java Runtime Environment to continue.
# Native memory allocation (malloc) failed to allocate 2247376 bytes for Chunk::new
# Possible reasons:
#   The system is out of physical RAM or swap space
#   In 32 bit mode, the process size limit was hit
# Possible solutions:
#   Reduce memory load on the system
#   Increase physical memory or swap space
#   Check if swap backing store is full
#   Use 64 bit Java on a 64 bit OS
#   Decrease Java heap size (-Xmx/-Xms)
#   Decrease number of Java threads
#   Decrease Java thread stack sizes (-Xss)
#   Set larger code cache with -XX:ReservedCodeCacheSize=
# This output file may be truncated or incomplete.
#
#  Out of Memory Error (allocation.cpp:390), pid=748, tid=0x0000000000002984
#
# JRE version: OpenJDK Runtime Environment (8.0_152-b02) (build 1.8.0_152-release-1024-b02)
# Java VM: OpenJDK 64-Bit Server VM (25.152-b02 mixed mode windows-amd64 compressed oops)
# Failed to write core dump. Minidumps are not enabled by default on client versions of Windows
#

---------------  T H R E A D  ---------------

Current thread (0x0000000016263800):  JavaThread "C2 CompilerThread0" daemon [_thread_in_native, id=10628, stack(0x0000000017f30000,0x0000000018030000)]

Stack: [0x0000000017f30000,0x0000000018030000]
[error occurred during error reporting (printing stack bounds), id 0xc0000005]

Native frames: (J=compiled Java code, j=interpreted, Vv=VM code, C=native code)


Current CompileTask:
C2:   2575 1303   !   4       java.net.URLClassLoader$1::run (63 bytes)


---------------  P R O C E S S  ---------------

Java Threads: ( => current thread )
  0x0000000019810800 JavaThread "Cache worker for file hash cache (F:\androidtiem\GeneralFramework\.gradle\4.0-milestone-1\fileHashes)" [_thread_blocked, id=888, stack(0x000000001bc00000,0x000000001bd00000)]
  0x00000000197bf800 JavaThread "File lock request listener" [_thread_in_native, id=9508, stack(0x000000001b900000,0x000000001ba00000)]
  0x0000000019579800 JavaThread "Cache worker for file hash cache (C:\Users\Administrator\.gradle\caches\4.0-milestone-1\fileHashes)" [_thread_blocked, id=8640, stack(0x000000001b800000,0x000000001b900000)]
  0x000000001957b000 JavaThread "Stdin handler" [_thread_blocked, id=11228, stack(0x000000001b700000,0x000000001b800000)]
  0x000000001957a000 JavaThread "Asynchronous log dispatcher for DefaultDaemonConnection: socket connection from /127.0.0.1:21695 to /127.0.0.1:21696" [_thread_blocked, id=11140, stack(0x000000001b600000,0x000000001b700000)]
  0x0000000019576000 JavaThread "Daemon worker" [_thread_in_native, id=7092, stack(0x000000001b500000,0x000000001b600000)]
  0x0000000019574800 JavaThread "Cancel handler" [_thread_blocked, id=9308, stack(0x000000001b400000,0x000000001b500000)]
  0x0000000018fe8000 JavaThread "Handler for socket connection from /127.0.0.1:21695 to /127.0.0.1:21696" [_thread_in_native, id=9180, stack(0x000000001b300000,0x000000001b400000)]
  0x0000000018fd9800 JavaThread "Daemon" [_thread_blocked, id=10384, stack(0x000000001b200000,0x000000001b300000)]
  0x00000000194eb000 JavaThread "Daemon periodic checks" [_thread_blocked, id=7180, stack(0x000000001af00000,0x000000001b000000)]
  0x0000000018ff2800 JavaThread "Incoming local TCP Connector on port 21695" [_thread_in_native, id=2788, stack(0x0000000019c00000,0x0000000019d00000)]
  0x00000000179b2000 JavaThread "Service Thread" daemon [_thread_blocked, id=8868, stack(0x0000000018230000,0x0000000018330000)]
  0x0000000017956800 JavaThread "C1 CompilerThread2" daemon [_thread_blocked, id=6628, stack(0x0000000018130000,0x0000000018230000)]
  0x00000000162ac800 JavaThread "C2 CompilerThread1" daemon [_thread_in_native, id=9940, stack(0x0000000018030000,0x0000000018130000)]
=>0x0000000016263800 JavaThread "C2 CompilerThread0" daemon [_thread_in_native, id=10628, stack(0x0000000017f30000,0x0000000018030000)]
  0x0000000016262800 JavaThread "Attach Listener" daemon [_thread_blocked, id=8876, stack(0x0000000017e30000,0x0000000017f30000)]
  0x0000000017938800 JavaThread "Signal Dispatcher" daemon [_thread_blocked, id=3776, stack(0x0000000017d30000,0x0000000017e30000)]
  0x0000000016238800 JavaThread "Finalizer" daemon [_thread_blocked, id=9264, stack(0x00000000174c0000,0x00000000175c0000)]
  0x0000000016217000 JavaThread "Reference Handler" daemon [_thread_blocked, id=10580, stack(0x00000000173c0000,0x00000000174c0000)]
  0x000000000238e000 JavaThread "main" [_thread_blocked, id=8604, stack(0x00000000026e0000,0x00000000027e0000)]

Other Threads:
  0x0000000016215800 VMThread [stack: 0x00000000172c0000,0x00000000173c0000] [id=10600]
  0x00000000179bf000 WatcherThread [stack: 0x0000000018330000,0x0000000018430000] [id=8240]

VM state:not at safepoint (normal execution)

VM Mutex/Monitor currently owned by a thread: None

Heap:
 PSYoungGen      total 38400K, used 10760K [0x00000000e0000000, 0x00000000e4b00000, 0x0000000100000000)
  eden space 33280K, 17% used [0x00000000e0000000,0x00000000e0588878,0x00000000e2080000)
  from space 5120K, 99% used [0x00000000e2080000,0x00000000e25797c8,0x00000000e2580000)
  to   space 5120K, 0% used [0x00000000e4600000,0x00000000e4600000,0x00000000e4b00000)
 ParOldGen       total 87552K, used 3789K [0x00000000a0000000, 0x00000000a5580000, 0x00000000e0000000)
  object space 87552K, 4% used [0x00000000a0000000,0x00000000a03b3600,0x00000000a5580000)
 Metaspace       used 15987K, capacity 16308K, committed 16512K, reserved 1062912K
  class space    used 2247K, capacity 2354K, committed 2432K, reserved 1048576K

Card table byte_map: [0x0000000011ca0000,0x0000000011fb0000] byte_map_base: 0x00000000117a0000

Marking Bits: (ParMarkBitMap*) 0x0000000077f84970
 Begin Bits: [0x00000000125b0000, 0x0000000013db0000)
 End Bits:   [0x0000000013db0000, 0x00000000155b0000)

Polling page: 0x0000000000bd0000

CodeCache: size=245760Kb used=4864Kb max_used=4864Kb free=240895Kb
 bounds [0x00000000028e0000, 0x0000000002db0000, 0x00000000118e0000]
 total_blobs=1771 nmethods=1397 adapters=287
 compilation: enabled

Compilation events (10 events):
Event: 2.536 Thread 0x0000000017956800 1400       3       org.objectweb.asm.Type::a (87 bytes)
Event: 2.537 Thread 0x0000000017956800 nmethod 1400 0x0000000002d9e610 code [0x0000000002d9e8e0, 0x0000000002da04d8]
Event: 2.537 Thread 0x0000000017956800 1404       3       org.objectweb.asm.Type::a (269 bytes)
Event: 2.538 Thread 0x0000000017956800 nmethod 1404 0x0000000002da1590 code [0x0000000002da1780, 0x0000000002da2070]
Event: 2.538 Thread 0x0000000017956800 1402       3       org.objectweb.asm.Type::getInternalName (20 bytes)
Event: 2.538 Thread 0x0000000017956800 nmethod 1402 0x0000000002da2450 code [0x0000000002da25c0, 0x0000000002da27c8]
Event: 2.538 Thread 0x0000000017956800 1401       3       org.objectweb.asm.ClassWriter::a (15 bytes)
Event: 2.538 Thread 0x0000000017956800 nmethod 1401 0x0000000002da2890 code [0x0000000002da2a00, 0x0000000002da2bf8]
Event: 2.538 Thread 0x0000000017956800 1403       1       org.gradle.api.internal.AbstractClassGenerator$PropertyMetaData::getName (5 bytes)
Event: 2.538 Thread 0x0000000017956800 nmethod 1403 0x0000000002da2d10 code [0x0000000002da2e60, 0x0000000002da2f70]

GC Heap History (6 events):
Event: 0.920 GC heap before
{Heap before GC invocations=1 (full 0):
 PSYoungGen      total 38400K, used 33280K [0x00000000e0000000, 0x00000000e2a80000, 0x0000000100000000)
  eden space 33280K, 100% used [0x00000000e0000000,0x00000000e2080000,0x00000000e2080000)
  from space 5120K, 0% used [0x00000000e2580000,0x00000000e2580000,0x00000000e2a80000)
  to   space 5120K, 0% used [0x00000000e2080000,0x00000000e2080000,0x00000000e2580000)
 ParOldGen       total 87552K, used 0K [0x00000000a0000000, 0x00000000a5580000, 0x00000000e0000000)
  object space 87552K, 0% used [0x00000000a0000000,0x00000000a0000000,0x00000000a5580000)
 Metaspace       used 7021K, capacity 7220K, committed 7296K, reserved 1056768K
  class space    used 859K, capacity 892K, committed 896K, reserved 1048576K
Event: 0.925 GC heap after
Heap after GC invocations=1 (full 0):
 PSYoungGen      total 38400K, used 4474K [0x00000000e0000000, 0x00000000e2a80000, 0x0000000100000000)
  eden space 33280K, 0% used [0x00000000e0000000,0x00000000e0000000,0x00000000e2080000)
  from space 5120K, 87% used [0x00000000e2080000,0x00000000e24dea48,0x00000000e2580000)
  to   space 5120K, 0% used [0x00000000e2580000,0x00000000e2580000,0x00000000e2a80000)
 ParOldGen       total 87552K, used 8K [0x00000000a0000000, 0x00000000a5580000, 0x00000000e0000000)
  object space 87552K, 0% used [0x00000000a0000000,0x00000000a0002000,0x00000000a5580000)
 Metaspace       used 7021K, capacity 7220K, committed 7296K, reserved 1056768K
  class space    used 859K, capacity 892K, committed 896K, reserved 1048576K
}
Event: 1.997 GC heap before
{Heap before GC invocations=2 (full 0):
 PSYoungGen      total 38400K, used 37754K [0x00000000e0000000, 0x00000000e2a80000, 0x0000000100000000)
  eden space 33280K, 100% used [0x00000000e0000000,0x00000000e2080000,0x00000000e2080000)
  from space 5120K, 87% used [0x00000000e2080000,0x00000000e24dea48,0x00000000e2580000)
  to   space 5120K, 0% used [0x00000000e2580000,0x00000000e2580000,0x00000000e2a80000)
 ParOldGen       total 87552K, used 8K [0x00000000a0000000, 0x00000000a5580000, 0x00000000e0000000)
  object space 87552K, 0% used [0x00000000a0000000,0x00000000a0002000,0x00000000a5580000)
 Metaspace       used 12141K, capacity 12502K, committed 12800K, reserved 1060864K
  class space    used 1594K, capacity 1709K, committed 1792K, reserved 1048576K
Event: 2.002 GC heap after
Heap after GC invocations=2 (full 0):
 PSYoungGen      total 38400K, used 5111K [0x00000000e0000000, 0x00000000e2a80000, 0x0000000100000000)
  eden space 33280K, 0% used [0x00000000e0000000,0x00000000e0000000,0x00000000e2080000)
  from space 5120K, 99% used [0x00000000e2580000,0x00000000e2a7df28,0x00000000e2a80000)
  to   space 5120K, 0% used [0x00000000e2080000,0x00000000e2080000,0x00000000e2580000)
 ParOldGen       total 87552K, used 880K [0x00000000a0000000, 0x00000000a5580000, 0x00000000e0000000)
  object space 87552K, 1% used [0x00000000a0000000,0x00000000a00dc0e8,0x00000000a5580000)
 Metaspace       used 12141K, capacity 12502K, committed 12800K, reserved 1060864K
  class space    used 1594K, capacity 1709K, committed 1792K, reserved 1048576K
}
Event: 2.433 GC heap before
{Heap before GC invocations=3 (full 0):
 PSYoungGen      total 38400K, used 38391K [0x00000000e0000000, 0x00000000e2a80000, 0x0000000100000000)
  eden space 33280K, 100% used [0x00000000e0000000,0x00000000e2080000,0x00000000e2080000)
  from space 5120K, 99% used [0x00000000e2580000,0x00000000e2a7df28,0x00000000e2a80000)
  to   space 5120K, 0% used [0x00000000e2080000,0x00000000e2080000,0x00000000e2580000)
 ParOldGen       total 87552K, used 880K [0x00000000a0000000, 0x00000000a5580000, 0x00000000e0000000)
  object space 87552K, 1% used [0x00000000a0000000,0x00000000a00dc0e8,0x00000000a5580000)
 Metaspace       used 15397K, capacity 15734K, committed 15872K, reserved 1062912K
  class space    used 2145K, capacity 2253K, committed 2304K, reserved 1048576K
Event: 2.442 GC heap after
Heap after GC invocations=3 (full 0):
 PSYoungGen      total 38400K, used 5093K [0x00000000e0000000, 0x00000000e4b00000, 0x0000000100000000)
  eden space 33280K, 0% used [0x00000000e0000000,0x00000000e0000000,0x00000000e2080000)
  from space 5120K, 99% used [0x00000000e2080000,0x00000000e25797c8,0x00000000e2580000)
  to   space 5120K, 0% used [0x00000000e4600000,0x00000000e4600000,0x00000000e4b00000)
 ParOldGen       total 87552K, used 3789K [0x00000000a0000000, 0x00000000a5580000, 0x00000000e0000000)
  object space 87552K, 4% used [0x00000000a0000000,0x00000000a03b3600,0x00000000a5580000)
 Metaspace       used 15397K, capacity 15734K, committed 15872K, reserved 1062912K
  class space    used 2145K, capacity 2253K, committed 2304K, reserved 1048576K
}

Deoptimization events (10 events):
Event: 1.318 Thread 0x000000000238e000 Uncommon trap: reason=class_check action=maybe_recompile pc=0x0000000002b4d380 method=java.util.HashMap.putVal(ILjava/lang/Object;Ljava/lang/Object;ZZ)Ljava/lang/Object; @ 203
Event: 1.319 Thread 0x000000000238e000 Uncommon trap: reason=unstable_if action=reinterpret pc=0x0000000002b269fc method=java.util.HashMap.getNode(ILjava/lang/Object;)Ljava/util/HashMap$Node; @ 129
Event: 1.319 Thread 0x000000000238e000 Uncommon trap: reason=class_check action=maybe_recompile pc=0x0000000002b4d380 method=java.util.HashMap.putVal(ILjava/lang/Object;Ljava/lang/Object;ZZ)Ljava/lang/Object; @ 203
Event: 1.930 Thread 0x0000000019576000 Uncommon trap: reason=bimorphic action=maybe_recompile pc=0x0000000002b4d128 method=java.util.HashMap.putVal(ILjava/lang/Object;Ljava/lang/Object;ZZ)Ljava/lang/Object; @ 253
Event: 1.930 Thread 0x0000000019576000 Uncommon trap: reason=bimorphic action=maybe_recompile pc=0x0000000002b4d128 method=java.util.HashMap.putVal(ILjava/lang/Object;Ljava/lang/Object;ZZ)Ljava/lang/Object; @ 253
Event: 1.930 Thread 0x0000000019576000 Uncommon trap: reason=bimorphic action=maybe_recompile pc=0x0000000002b4d128 method=java.util.HashMap.putVal(ILjava/lang/Object;Ljava/lang/Object;ZZ)Ljava/lang/Object; @ 253
Event: 1.930 Thread 0x0000000019576000 Uncommon trap: reason=bimorphic action=maybe_recompile pc=0x0000000002b4d128 method=java.util.HashMap.putVal(ILjava/lang/Object;Ljava/lang/Object;ZZ)Ljava/lang/Object; @ 253
Event: 2.152 Thread 0x0000000019576000 Uncommon trap: reason=class_check action=maybe_recompile pc=0x0000000002b4721c method=java.util.regex.Matcher.match(II)Z @ 86
Event: 2.427 Thread 0x0000000019576000 Uncommon trap: reason=unstable_if action=reinterpret pc=0x0000000002a3e108 method=java.net.URI.match(CJJ)Z @ 19
Event: 2.427 Thread 0x0000000019576000 Uncommon trap: reason=unstable_if action=reinterpret pc=0x0000000002b7a200 method=java.net.URI.match(CJJ)Z @ 19

Classes redefined (0 events):
No events

Internal exceptions (10 events):
Event: 1.697 Thread 0x0000000018fe8000 Exception <a 'java/lang/NoSuchMethodError': <clinit>> (0x00000000e1d7ba60) thrown at [D:\src\AOSP-openjdk-cygwin\jdk8u\hotspot\src\share\vm\prims\jni.cpp, line 1613]
Event: 1.886 Thread 0x0000000018fe8000 Exception <a 'java/lang/NoSuchMethodError': <clinit>> (0x00000000e1da3178) thrown at [D:\src\AOSP-openjdk-cygwin\jdk8u\hotspot\src\share\vm\prims\jni.cpp, line 1613]
Event: 1.888 Thread 0x0000000018fe8000 Exception <a 'java/lang/NoSuchMethodError': <clinit>> (0x00000000e1db0b60) thrown at [D:\src\AOSP-openjdk-cygwin\jdk8u\hotspot\src\share\vm\prims\jni.cpp, line 1613]
Event: 1.894 Thread 0x0000000018fe8000 Exception <a 'java/lang/NoSuchMethodError': <clinit>> (0x00000000e1dd5df8) thrown at [D:\src\AOSP-openjdk-cygwin\jdk8u\hotspot\src\share\vm\prims\jni.cpp, line 1613]
Event: 1.918 Thread 0x0000000019576000 Exception <a 'java/lang/NoSuchMethodError': <clinit>> (0x00000000e1ecc4d0) thrown at [D:\src\AOSP-openjdk-cygwin\jdk8u\hotspot\src\share\vm\prims\jni.cpp, line 1613]
Event: 1.921 Thread 0x0000000019576000 Exception <a 'java/lang/NoSuchMethodError': <clinit>> (0x00000000e1ed4758) thrown at [D:\src\AOSP-openjdk-cygwin\jdk8u\hotspot\src\share\vm\prims\jni.cpp, line 1613]
Event: 2.480 Thread 0x0000000019576000 Exception <a 'java/lang/NoSuchMethodError': <clinit>> (0x00000000e0244908) thrown at [D:\src\AOSP-openjdk-cygwin\jdk8u\hotspot\src\share\vm\prims\jni.cpp, line 1613]
Event: 2.480 Thread 0x0000000019576000 Exception <a 'java/lang/NoSuchMethodError': <clinit>> (0x00000000e02470d8) thrown at [D:\src\AOSP-openjdk-cygwin\jdk8u\hotspot\src\share\vm\prims\jni.cpp, line 1613]
Event: 2.481 Thread 0x0000000019576000 Exception <a 'java/lang/NoSuchMethodError': <clinit>> (0x00000000e0253568) thrown at [D:\src\AOSP-openjdk-cygwin\jdk8u\hotspot\src\share\vm\prims\jni.cpp, line 1613]
Event: 2.481 Thread 0x0000000019576000 Exception <a 'java/lang/NoSuchMethodError': <clinit>> (0x00000000e025d9d8) thrown at [D:\src\AOSP-openjdk-cygwin\jdk8u\hotspot\src\share\vm\prims\jni.cpp, line 1613]

Events (10 events):
Event: 2.541 loading class org/gradle/internal/metaobject/BeanDynamicObject$MetaClassAdapter
Event: 2.541 loading class org/gradle/internal/metaobject/BeanDynamicObject$MetaClassAdapter done
Event: 2.542 loading class org/gradle/internal/metaobject/BeanDynamicObject$ClassAdapter
Event: 2.542 loading class org/gradle/internal/metaobject/BeanDynamicObject$ClassAdapter done
Event: 2.542 loading class org/gradle/internal/metaobject/BeanDynamicObject$MapAdapter
Event: 2.542 loading class org/gradle/internal/metaobject/BeanDynamicObject$MapAdapter done
Event: 2.542 loading class org/gradle/internal/metaobject/BeanDynamicObject$GroovyObjectAdapter
Event: 2.542 loading class org/gradle/internal/metaobject/BeanDynamicObject$GroovyObjectAdapter done
Event: 2.542 loading class org/gradle/api/internal/coerce/PropertySetTransformer
Event: 2.542 loading class org/gradle/api/internal/coerce/PropertySetTransformer done


Dynamic libraries:
0x00007ff6c59e0000 - 0x00007ff6c5a11000 	F:\Program Files\Android\Android Studio\jre\bin\java.exe
0x00007ff85aa40000 - 0x00007ff85abe9000 	C:\Windows\SYSTEM32\ntdll.dll
0x00007ff859e60000 - 0x00007ff859f99000 	C:\Windows\system32\KERNEL32.DLL
0x00007ff857ed0000 - 0x00007ff857fde000 	C:\Windows\system32\KERNELBASE.dll
0x00007ff858160000 - 0x00007ff858205000 	C:\Windows\system32\ADVAPI32.dll
0x00007ff85a0e0000 - 0x00007ff85a251000 	C:\Windows\system32\USER32.dll
0x00007ff855c60000 - 0x00007ff855eba000 	C:\Windows\WinSxS\amd64_microsoft.windows.common-controls_6595b64144ccf1df_6.0.9600.16384_none_62475f7becb72503\COMCTL32.dll
0x00007ff85a270000 - 0x00007ff85a317000 	C:\Windows\system32\msvcrt.dll
0x00007ff85a740000 - 0x00007ff85a797000 	C:\Windows\SYSTEM32\sechost.dll
0x00007ff859d20000 - 0x00007ff859e56000 	C:\Windows\system32\RPCRT4.dll
0x00007ff859930000 - 0x00007ff859a75000 	C:\Windows\system32\GDI32.dll
0x00007ff859c30000 - 0x00007ff859c64000 	C:\Windows\system32\IMM32.DLL
0x00007ff859fa0000 - 0x00007ff85a0d9000 	C:\Windows\system32\MSCTF.dll
0x00000000503b0000 - 0x0000000050482000 	F:\Program Files\Android\Android Studio\jre\jre\bin\msvcr100.dll
0x00000000777c0000 - 0x0000000077fff000 	F:\Program Files\Android\Android Studio\jre\jre\bin\server\jvm.dll
0x00007ff84ead0000 - 0x00007ff84ead9000 	C:\Windows\SYSTEM32\WSOCK32.dll
0x00007ff857d10000 - 0x00007ff857d2f000 	C:\Windows\system32\WINMM.dll
0x00007ff855ec0000 - 0x00007ff855eca000 	C:\Windows\SYSTEM32\VERSION.dll
0x00007ff859b20000 - 0x00007ff859b27000 	C:\Windows\system32\PSAPI.DLL
0x00007ff8596c0000 - 0x00007ff859718000 	C:\Windows\system32\WS2_32.dll
0x00007ff857af0000 - 0x00007ff857b1a000 	C:\Windows\system32\WINMMBASE.dll
0x00007ff8598c0000 - 0x00007ff8598c9000 	C:\Windows\system32\NSI.dll
0x00007ff857de0000 - 0x00007ff857e2a000 	C:\Windows\SYSTEM32\cfgmgr32.dll
0x00007ff857aa0000 - 0x00007ff857ac6000 	C:\Windows\system32\DEVOBJ.dll
0x00007ff8535c0000 - 0x00007ff8535cf000 	F:\Program Files\Android\Android Studio\jre\jre\bin\verify.dll
0x00007ff84a450000 - 0x00007ff84a479000 	F:\Program Files\Android\Android Studio\jre\jre\bin\java.dll
0x00007ff852900000 - 0x00007ff852916000 	F:\Program Files\Android\Android Studio\jre\jre\bin\zip.dll
0x00007ff858210000 - 0x00007ff85961d000 	C:\Windows\system32\SHELL32.dll
0x00007ff85a860000 - 0x00007ff85aa37000 	C:\Windows\SYSTEM32\combase.dll
0x00007ff8598d0000 - 0x00007ff859921000 	C:\Windows\system32\SHLWAPI.dll
0x00007ff8565d0000 - 0x00007ff856671000 	C:\Windows\SYSTEM32\SHCORE.dll
0x00007ff8579f0000 - 0x00007ff857a04000 	C:\Windows\SYSTEM32\profapi.dll
0x00007ff84aeb0000 - 0x00007ff84aeca000 	F:\Program Files\Android\Android Studio\jre\jre\bin\net.dll
0x00007ff857210000 - 0x00007ff857268000 	C:\Windows\system32\mswsock.dll
0x00007ff849940000 - 0x00007ff849951000 	F:\Program Files\Android\Android Studio\jre\jre\bin\nio.dll
0x00007ff848ff0000 - 0x00007ff84900e000 	C:\Users\Administrator\.gradle\native\25\windows-amd64\native-platform.dll
0x00007ff857270000 - 0x00007ff85728e000 	C:\Windows\SYSTEM32\CRYPTSP.dll
0x00007ff856eb0000 - 0x00007ff856ee5000 	C:\Windows\system32\rsaenh.dll
0x00007ff8574a0000 - 0x00007ff8574c6000 	C:\Windows\SYSTEM32\bcrypt.dll
0x00007ff856fc0000 - 0x00007ff856fdf000 	C:\Windows\SYSTEM32\USERENV.dll
0x00007ff857850000 - 0x00007ff8578ae000 	C:\Windows\system32\bcryptprimitives.dll
0x00007ff8578b0000 - 0x00007ff8578ba000 	C:\Windows\SYSTEM32\CRYPTBASE.dll
0x00007ff8516c0000 - 0x00007ff8516e9000 	C:\Windows\SYSTEM32\IPHLPAPI.DLL
0x00007ff851640000 - 0x00007ff85164a000 	C:\Windows\SYSTEM32\WINNSI.DLL
0x00007ff851130000 - 0x00007ff851144000 	C:\Windows\SYSTEM32\dhcpcsvc6.DLL
0x00007ff851110000 - 0x00007ff851129000 	C:\Windows\SYSTEM32\dhcpcsvc.DLL
0x00007ff8535b0000 - 0x00007ff8535bd000 	F:\Program Files\Android\Android Studio\jre\jre\bin\management.dll

VM Arguments:
jvm_args: -Xmx1536m -Dfile.encoding=GBK -Duser.country=CN -Duser.language=zh -Duser.variant 
java_command: org.gradle.launcher.daemon.bootstrap.GradleDaemon 4.0-milestone-1
java_class_path (initial): C:\Users\Administrator\.gradle\wrapper\dists\gradle-4.0-milestone-1-all\2rnr7rhi2zsmkxo9re7615fy6\gradle-4.0-milestone-1\lib\gradle-launcher-4.0.jar
Launcher Type: SUN_STANDARD

Environment Variables:
JAVA_HOME=C:\Program Files\Java\jdk1.7.0_13
CLASSPATH=C:\Program Files\Java\jdk1.7.0_13\lib\dt.jar;C:\Program Files\Java\jdk1.7.0_13\lib\tools.jar;
PATH=C:\ProgramData\Oracle\Java\javapath;d:\AppCan\AppCanStudioPersonalV3.3\AppCan-IDE\jre\bin\;d:\AppCan\AppCanStudioPersonalV3.3\HDK\emulator\mas\;;C:\Program Files (x86)\NVIDIA Corporation\PhysX\Common;C:\Windows\system32;C:\Windows;C:\Windows\System32\Wbem;C:\Windows\System32\WindowsPowerShell\v1.0\;C:\Program Files\Java\jdk1.7.0_13\bin;C:\Program Files\Java\jdk1.7.0_13\jre\bin;C:\Users\Administrator\AppData\Local\Android\Sdk\platform-tools;d:\Program Files (x86)\Microsoft SQL Server\100\Tools\Binn\;d:\Program Files\Microsoft SQL Server\100\Tools\Binn\;d:\Program Files\Microsoft SQL Server\100\DTS\Binn\;d:\Program Files (x86)\Microsoft SQL Server\100\Tools\Binn\VSShell\Common7\IDE\;C:\Program Files (x86)\Microsoft Visual Studio 9.0\Common7\IDE\PrivateAssemblies\;d:\Program Files (x86)\Microsoft SQL Server\100\DTS\Binn\;C:\Program Files (x86)\Windows Kits\8.1\Windows Performance Toolkit\;C:\Program Files\Microsoft SQL Server\110\Tools\Binn\;C:\Program Files\TortoiseSVN\bin;;C:\Program Files\Microsoft VS Code\bin
USERNAME=Administrator
OS=Windows_NT
PROCESSOR_IDENTIFIER=Intel64 Family 6 Model 58 Stepping 9, GenuineIntel



---------------  S Y S T E M  ---------------

OS: Windows 8.1 , 64 bit Build 9600 (6.3.9600.16656)

CPU:total 4 (initial active 4) (4 cores per cpu, 1 threads per core) family 6 model 58 stepping 9, cmov, cx8, fxsr, mmx, sse, sse2, sse3, ssse3, sse4.1, sse4.2, popcnt, avx, aes, clmul, erms, tsc, tscinvbit, tscinv

Memory: 4k page, physical 8323716k(1915644k free), swap 8323716k(5040k free)

vm_info: OpenJDK 64-Bit Server VM (25.152-b02) for windows-amd64 JRE (1.8.0_152-release-1024-b02), built by "builder" with MS VC++ 10.0 (VS2010)

time: Thu Aug 09 14:04:20 2018
elapsed time: 2 seconds (0d 0h 0m 2s)

