JvmtiExport can_access_local_variables 0
JvmtiExport can_hotswap_or_post_breakpoint 0
JvmtiExport can_post_on_exceptions 0
# 465 ciObject found
ciMethod java/lang/Object <init> ()V 4097 1 138325 0 0
ciMethod java/lang/Object hashCode ()I 2049 1 256 0 -1
ciMethod java/lang/Object equals (Ljava/lang/Object;)Z 1945 1 2252 0 -1
ciMethod java/lang/Object clone ()Ljava/lang/Object; 2049 1 256 0 -1
ciMethod java/lang/String <init> ([CII)V 2313 1 5474 0 704
ciMethod java/lang/String <init> ([BIILjava/lang/String;)V 3073 1 932 0 -1
ciMethod java/lang/String <init> ([CZ)V 2065 1 10596 0 0
ciMethod java/lang/String length ()I 4097 1 107487 0 64
ciMethod java/lang/String charAt (I)C 4097 1 853128 0 128
ciMethod java/lang/String codePointAt (I)I 881 1 3247 0 -1
ciMethod java/lang/String getChars ([CI)V 2065 1 5395 0 0
ciMethod java/lang/String equals (Ljava/lang/Object;)Z 2049 10601 3354 0 -1
ciMethod java/lang/String equalsIgnoreCase (Ljava/lang/String;)Z 3089 1 5589 0 1472
ciMethod java/lang/String regionMatches (ZILjava/lang/String;II)Z 1929 593 3817 0 0
ciMethod java/lang/String hashCode ()I 2665 32769 1210 0 288
ciMethod java/lang/String lastIndexOf (I)I 2169 1 12865 0 288
ciMethod java/lang/String lastIndexOf (II)I 1041 59673 821 0 288
ciMethod java/lang/String lastIndexOfSupplementary (II)I 0 0 1 0 -1
ciMethod java/lang/String substring (II)Ljava/lang/String; 2081 1 5614 0 960
ciMethod java/lang/String concat (Ljava/lang/String;)Ljava/lang/String; 2057 1 5395 0 896
ciMethod java/lang/String replace (CC)Ljava/lang/String; 985 49729 799 0 1120
ciMethod java/lang/String toUpperCase (Ljava/util/Locale;)Ljava/lang/String; 521 12537 825 0 2336
ciMethod java/lang/ClassLoader defineClass (Ljava/lang/String;[BIILjava/security/ProtectionDomain;)Ljava/lang/Class; 3201 1 2132 0 -1
ciMethod java/lang/ClassLoader definePackage (Ljava/lang/String;Ljava/lang/String;Ljava/lang/String;Ljava/lang/String;Ljava/lang/String;Ljava/lang/String;Ljava/lang/String;Ljava/net/URL;)Ljava/lang/Package; 825 1 325 0 0
ciMethod java/lang/ClassLoader getPackage (Ljava/lang/String;)Ljava/lang/Package; 2057 1 3893 0 0
ciMethod java/lang/System nanoTime ()J 2049 1 256 0 -1
ciMethod java/lang/System arraycopy (Ljava/lang/Object;ILjava/lang/Object;II)V 7169 1 896 0 -1
ciMethod java/lang/Throwable addSuppressed (Ljava/lang/Throwable;)V 0 0 1 0 0
ciMethod java/security/SecureClassLoader defineClass (Ljava/lang/String;[BIILjava/security/CodeSource;)Ljava/lang/Class; 3201 1 2110 0 0
ciMethod java/security/SecureClassLoader defineClass (Ljava/lang/String;Ljava/nio/ByteBuffer;Ljava/security/CodeSource;)Ljava/lang/Class; 0 0 1 0 -1
ciMethod java/security/SecureClassLoader getProtectionDomain (Ljava/security/CodeSource;)Ljava/security/ProtectionDomain; 3193 1 2130 0 -1
ciMethod java/lang/ref/Reference get ()Ljava/lang/Object; 2049 1 256 0 -1
ciMethod java/lang/ref/Reference <init> (Ljava/lang/Object;)V 1521 1 2594 0 0
ciMethod java/lang/ref/Reference <init> (Ljava/lang/Object;Ljava/lang/ref/ReferenceQueue;)V 3089 1 10957 0 96
ciMethod java/lang/ref/SoftReference <init> (Ljava/lang/Object;)V 1417 1 788 0 0
ciMethod java/lang/ref/SoftReference get ()Ljava/lang/Object; 2057 1 5422 0 0
ciMethod java/lang/Thread currentThread ()Ljava/lang/Thread; 2049 1 256 0 -1
ciMethod java/lang/Thread interrupt ()V 0 0 1 0 -1
ciMethod java/lang/Thread interrupted ()Z 4097 1 2355 0 -1
ciMethod java/util/Map get (Ljava/lang/Object;)Ljava/lang/Object; 0 0 1 0 -1
ciMethod java/util/Map put (Ljava/lang/Object;Ljava/lang/Object;)Ljava/lang/Object; 0 0 1 0 -1
ciMethod java/util/Hashtable <init> (IF)V 2065 1 497 0 0
ciMethod java/util/Hashtable <init> (I)V 961 1 120 0 0
ciMethod java/util/Hashtable <init> ()V 2049 1 377 0 0
ciMethod java/util/Dictionary <init> ()V 2065 1 497 0 0
ciMethod java/io/ByteArrayInputStream <init> ([B)V 169 1 123 0 0
ciMethod java/io/InputStream <init> ()V 2057 1 5526 0 0
ciMethod java/io/InputStream read ([BII)I 9 1561 1 0 -1
ciMethod java/io/InputStream close ()V 0 0 1 0 -1
ciMethod java/net/URLClassLoader getAndVerifyPackage (Ljava/lang/String;Ljava/util/jar/Manifest;Ljava/net/URL;)Ljava/lang/Package; 3129 1 2115 0 0
ciMethod java/net/URLClassLoader definePackageInternal (Ljava/lang/String;Ljava/util/jar/Manifest;Ljava/net/URL;)V 3129 1 2110 0 0
ciMethod java/net/URLClassLoader defineClass (Ljava/lang/String;Lsun/misc/Resource;)Ljava/lang/Class; 1145 1 2110 0 0
ciMethod java/net/URLClassLoader definePackage (Ljava/lang/String;Ljava/util/jar/Manifest;Ljava/net/URL;)Ljava/lang/Package; 825 1 324 0 0
ciMethod java/net/URLClassLoader isSealed (Ljava/lang/String;Ljava/util/jar/Manifest;)Z 2049 1 1790 0 0
ciMethod java/net/URLClassLoader access$000 (Ljava/net/URLClassLoader;)Lsun/misc/URLClassPath; 1073 1 134 0 0
ciMethod java/net/URLClassLoader access$100 (Ljava/net/URLClassLoader;Ljava/lang/String;Lsun/misc/Resource;)Ljava/lang/Class; 1145 1 2110 0 0
ciMethod java/util/jar/Manifest <init> (Ljava/io/InputStream;)V 161 1 118 0 0
ciMethod java/util/jar/Manifest getMainAttributes ()Ljava/util/jar/Attributes; 1025 1 128 0 0
ciMethod java/util/jar/Manifest getEntries ()Ljava/util/Map; 1033 1 129 0 0
ciMethod java/util/jar/Manifest getAttributes (Ljava/lang/String;)Ljava/util/jar/Attributes; 2657 1 2213 0 0
ciMethod java/util/jar/Manifest read (Ljava/io/InputStream;)V 161 1 120 0 -1
ciMethod java/util/jar/Manifest parseName ([BI)Ljava/lang/String; 305 1 38 0 -1
ciMethod java/security/CodeSource <init> (Ljava/net/URL;[Ljava/security/CodeSigner;)V 3193 1 2110 0 0
ciMethod java/lang/Character charCount (I)I 1193 1 5615 0 -1
ciMethod java/lang/Character toChars (I[CI)I 0 0 1 0 -1
ciMethod java/lang/Character toChars (I)[C 0 0 1 0 -1
ciMethod java/lang/Character toLowerCase (C)C 3121 1 11848 0 0
ciMethod java/lang/Character toLowerCase (I)I 4097 1 181677 0 0
ciMethod java/lang/Character toUpperCase (C)C 2073 1 11082 0 192
ciMethod java/lang/Character toUpperCase (I)I 2081 1 11082 0 0
ciMethod java/lang/Character toUpperCaseEx (I)I 2073 1 26696 0 -1
ciMethod java/lang/Character toUpperCaseCharArray (I)[C 0 0 1 0 -1
ciMethod java/lang/Float isNaN (F)Z 2057 1 1988 0 0
ciMethod java/lang/Float floatToRawIntBits (F)I 9 1 1 0 -1
ciMethod java/util/Comparator compare (Ljava/lang/Object;Ljava/lang/Object;)I 0 0 1 0 -1
ciMethod java/security/AccessController doPrivileged (Ljava/security/PrivilegedAction;)Ljava/lang/Object; 2049 1 256 0 -1
ciMethod java/util/List add (Ljava/lang/Object;)Z 0 0 1 0 -1
ciMethod java/util/AbstractList <init> ()V 2521 1 5437 0 32
ciMethod java/util/AbstractCollection <init> ()V 473 1 8149 0 0
ciMethod java/util/ArrayList <init> (I)V 2769 1 444 0 -1
ciMethod java/util/ArrayList <init> ()V 1201 1 3150 0 0
ciMethod java/util/ArrayList get (I)Ljava/lang/Object; 16385 1 8749 0 -1
ciMethod java/util/AbstractMap <init> ()V 521 1 3085 0 0
ciMethod java/util/HashMap hash (Ljava/lang/Object;)I 2065 1 19328 0 0
ciMethod java/util/HashMap tableSizeFor (I)I 2049 1 1087 0 0
ciMethod java/util/HashMap <init> (IF)V 1825 1 1081 0 0
ciMethod java/util/HashMap <init> (I)V 553 1 379 0 0
ciMethod java/util/HashMap <init> ()V 193 1 1473 0 0
ciMethod java/util/HashMap get (Ljava/lang/Object;)Ljava/lang/Object; 2137 1 10547 0 576
ciMethod java/util/HashMap getNode (ILjava/lang/Object;)Ljava/util/HashMap$Node; 2073 17 11419 0 0
ciMethod java/util/HashMap put (Ljava/lang/Object;Ljava/lang/Object;)Ljava/lang/Object; 913 1 6260 0 224
ciMethod java/util/HashMap putVal (ILjava/lang/Object;Ljava/lang/Object;ZZ)Ljava/lang/Object; 937 25 6024 0 1280
ciMethod java/util/HashMap resize ()[Ljava/util/HashMap$Node; 329 5025 1140 0 -1
ciMethod java/util/HashMap treeifyBin ([Ljava/util/HashMap$Node;I)V 0 0 1 0 -1
ciMethod java/util/HashMap newNode (ILjava/lang/Object;Ljava/lang/Object;Ljava/util/HashMap$Node;)Ljava/util/HashMap$Node; 3073 1 5506 0 224
ciMethod java/util/HashMap afterNodeAccess (Ljava/util/HashMap$Node;)V 2049 1 1280 0 0
ciMethod java/util/HashMap afterNodeInsertion (Z)V 3081 1 1421 0 0
ciMethod java/util/HashMap$Node <init> (ILjava/lang/Object;Ljava/lang/Object;Ljava/util/HashMap$Node;)V 2769 1 11075 0 0
ciMethod java/lang/Math max (II)I 417 1 19523 0 -1
ciMethod java/lang/Math min (II)I 3033 1 50221 0 -1
ciMethod java/lang/Math min (FF)F 2057 1 534 0 0
ciMethod java/util/Arrays copyOf ([BI)[B 2065 1 12279 0 -1
ciMethod java/util/Arrays copyOf ([CI)[C 913 1 16972 0 0
ciMethod java/util/Arrays copyOfRange ([CII)[C 2513 1 5588 0 512
ciMethod sun/misc/ASCIICaseInsensitiveComparator compare (Ljava/lang/String;Ljava/lang/String;)I 4097 6513 12928 0 -1
ciMethod sun/misc/ASCIICaseInsensitiveComparator lowerCaseHashCode (Ljava/lang/String;)I 521 8769 897 0 0
ciMethod sun/misc/ASCIICaseInsensitiveComparator isUpper (I)Z 4097 1 39623 0 -1
ciMethod sun/misc/ASCIICaseInsensitiveComparator toLower (I)I 4097 1 39623 0 64
ciMethod sun/misc/ASCIICaseInsensitiveComparator compare (Ljava/lang/Object;Ljava/lang/Object;)I 4097 1 13643 0 928
ciMethodData java/lang/String length ()I 2 107488 orig 264 56 173 214 119 0 0 0 0 96 60 153 21 0 0 0 0 32 1 0 0 0 0 0 0 0 0 0 0 0 0 0 0 0 0 0 0 0 0 0 0 0 0 0 0 0 0 0 0 0 0 0 0 0 0 0 0 0 0 0 0 0 0 0 0 0 0 0 0 0 0 0 0 0 0 0 0 0 0 0 0 77 68 79 32 101 120 116 114 97 32 100 97 116 97 32 108 111 99 107 0 0 0 0 0 0 0 0 0 0 0 0 0 0 0 0 0 0 0 0 0 0 0 0 0 0 0 0 0 0 0 0 0 0 0 0 0 0 0 0 0 0 0 0 0 0 0 0 0 0 0 0 0 0 0 0 0 0 0 0 0 0 0 0 0 0 0 0 0 0 0 0 0 0 0 0 0 0 0 0 0 0 0 0 0 1 0 0 0 0 0 0 0 0 0 0 0 0 0 0 0 1 0 0 0 0 0 0 0 0 0 0 0 0 0 0 0 0 2 0 0 1 15 13 0 1 0 0 0 0 0 0 0 0 0 0 0 2 0 0 0 0 0 0 0 0 0 0 0 0 0 0 0 255 255 255 255 0 0 0 0 0 0 0 0 data 0 oops 0
ciMethodData java/lang/Object <init> ()V 2 138330 orig 264 56 173 214 119 0 0 0 0 128 4 153 21 0 0 0 0 32 1 0 0 0 0 0 0 0 0 0 0 0 0 0 0 0 0 0 0 0 0 0 0 0 0 0 0 0 0 0 0 0 0 0 0 0 0 0 0 0 0 0 0 0 0 0 0 0 0 0 0 0 0 0 0 0 0 0 0 0 0 0 0 77 68 79 32 101 120 116 114 97 32 100 97 116 97 32 108 111 99 107 0 0 0 0 0 0 0 0 0 0 0 0 0 0 0 0 0 0 0 0 0 0 0 0 0 0 0 0 0 0 0 0 0 0 0 0 0 0 0 0 0 0 0 0 0 0 0 0 0 0 0 0 0 0 0 0 0 0 0 0 0 0 0 0 0 0 0 0 0 0 0 0 0 0 0 0 0 0 0 0 0 0 0 0 0 1 0 0 0 0 0 0 0 1 0 0 0 0 0 0 0 1 0 0 0 0 0 0 0 0 0 0 0 0 0 0 0 0 2 0 0 209 210 16 0 1 0 0 0 0 0 0 0 0 0 0 0 2 0 0 0 0 0 3 0 1 0 0 0 0 0 0 0 255 255 255 255 0 0 0 0 0 0 0 0 data 0 oops 0
ciMethod java/util/Objects requireNonNull (Ljava/lang/Object;Ljava/lang/String;)Ljava/lang/Object; 2049 1 506 0 -1
ciMethod java/io/OutputStream <init> ()V 2049 1 487 0 0
ciMethod java/lang/IllegalArgumentException <init> (Ljava/lang/String;)V 0 0 3 0 -1
ciMethod sun/misc/MetaIndex mayContain (Ljava/lang/String;)Z 2113 3265 3771 0 -1
ciMethod java/util/Locale getLanguage ()Ljava/lang/String; 521 1 1644 0 -1
ciMethod java/lang/CharacterData toLowerCase (I)I 0 0 1 0 -1
ciMethod java/lang/CharacterData toUpperCase (I)I 0 0 1 0 -1
ciMethod java/lang/CharacterData of (I)Ljava/lang/CharacterData; 4097 1 5853 0 96
ciMethod java/lang/CharacterDataLatin1 getProperties (I)I 4097 1 28017 0 0
ciMethod java/lang/CharacterDataLatin1 toLowerCase (I)I 4097 1 7119 0 160
ciMethod java/lang/CharacterDataLatin1 toUpperCase (I)I 3073 1 5538 0 160
ciMethod java/util/HashMap$TreeNode getTreeNode (ILjava/lang/Object;)Ljava/util/HashMap$TreeNode; 0 0 1 0 -1
ciMethod java/util/HashMap$TreeNode putTreeVal (Ljava/util/HashMap;[Ljava/util/HashMap$Node;ILjava/lang/Object;Ljava/lang/Object;)Ljava/util/HashMap$TreeNode; 0 0 1 0 -1
ciMethod java/util/HashMap$TreeNode split (Ljava/util/HashMap;[Ljava/util/HashMap$Node;II)V 0 0 1 0 -1
ciMethodData java/lang/Character toLowerCase (I)I 2 181677 orig 264 56 173 214 119 0 0 0 0 160 178 162 21 0 0 0 0 136 1 0 0 0 0 0 0 0 0 0 0 0 0 0 0 0 0 0 0 0 0 0 0 0 0 0 0 0 0 0 0 0 0 0 0 0 0 0 0 0 0 0 0 0 0 0 0 0 0 0 0 0 0 0 0 0 0 0 0 0 0 0 0 77 68 79 32 101 120 116 114 97 32 100 97 116 97 32 108 111 99 107 0 0 0 0 0 0 0 0 0 0 0 0 0 0 0 0 0 0 0 0 0 0 0 0 0 0 0 0 0 0 0 0 0 0 0 0 0 0 0 0 0 0 0 0 0 0 0 0 0 0 0 0 0 0 0 0 0 0 0 0 0 0 0 0 0 0 0 0 0 0 0 0 0 0 0 0 0 0 0 0 0 0 0 0 0 0 0 0 0 0 0 0 0 0 0 0 0 0 0 0 0 0 0 0 0 0 0 0 0 0 0 0 0 0 0 0 0 0 2 0 0 105 29 22 0 1 0 0 0 0 0 0 0 0 0 0 0 2 0 0 0 0 0 3 0 2 0 0 0 64 0 0 0 255 255 255 255 2 0 1 0 0 0 0 0 data 8 0x10002 0x2c3ad 0x50005 0x0 0x1b863140 0x2c3ad 0x0 0x0 oops 1